Command 0x33: get sensor flags
Received sensor flags: BitSet(12, 13, 14) -> Map(ScanSw -> false, AdfOpen -> false, Hopper -> true, Top -> false, Sleep -> false)

Command 0x33: get sensor flags
Received sensor flags: BitSet(8, 12, 13, 14) -> Map(ScanSw -> true, AdfOpen -> false, Hopper -> true, Top -> false, Sleep -> false)

Command 0x33: get sensor flags
Received sensor flags: BitSet(12, 13, 14) -> Map(ScanSw -> false, AdfOpen -> false, Hopper -> true, Top -> false, Sleep -> false)

Command 0xd8: ???
Received unknown bytes: {
0x06
}
Sent unknown bytes: {
0x00
}
Received unknown bytes: {
0x06
}

Command 0x33: get sensor flags
Received sensor flags: BitSet(12, 13, 14) -> Map(ScanSw -> false, AdfOpen -> false, Hopper -> true, Top -> false, Sleep -> false)

Command 0xd0: set lamp
Received return code: 0x06
Sent boolean: true
Received return code: 0x06

Command 0xb2: ???
Received unknown bytes: {
0x06
}
Sent unknown bytes: {
0x01
}
Received unknown bytes: {
0x06
}

Command 0xb3: ???
Received unknown bytes: {
0x06
}
Sent unknown bytes: {
0x03
}
Received unknown bytes: {
0x06
}

Command 0xb4: ???
Received unknown bytes: {
0x06
}
Sent unknown bytes: {
0x88
}
Received unknown bytes: {
0x06
}

Command 0xb0: ???
Received unknown bytes: {
0x06
}
Sent unknown bytes: {
0x00
}
Received unknown bytes: {
0x06
}

Command 0xb5: ???
Received unknown bytes: {
0x06
}
Received unknown bytes: {
0x19, 0x00
}

Command 0xd4: set paper feed
Received return code: 0x06
Sent byte: 0x01
Received return code: 0x06

Command 0x33: get sensor flags
Received sensor flags: BitSet(7, 12, 13) -> Map(ScanSw -> false, AdfOpen -> false, Hopper -> true, Top -> true, Sleep -> false)

Command 0xb5: ???
Received unknown bytes: {
0x06
}
Received unknown bytes: {
0x19, 0x00
}

Command 0xd0: set lamp
Received return code: 0x06
Sent boolean: false
Received return code: 0x06

Command 0xd1: set window
Received return code: 0x06
Sent payload: {
0x00, 0x00, 0x00, 0x00, 0x00, 0x00, 0x00, 0x40, 0x00, 0x00, 0x01, 0x2c, 0x01, 0x2c, 0x00, 0x00,
0x00, 0x00, 0x00, 0x00, 0x00, 0x00, 0x00, 0x00, 0x0a, 0xc0, 0x00, 0x00, 0x00, 0x01, 0x00, 0x00,
0x00, 0x05, 0x10, 0x00, 0x00, 0x00, 0x00, 0x00, 0x00, 0x00, 0x00, 0x00, 0x00, 0x00, 0x00, 0x00,
0x00, 0x00, 0x00, 0x00, 0x01, 0x00, 0x00, 0x00, 0x00, 0x00, 0x2c, 0x01, 0x00, 0x00, 0x00, 0x00,
0x00, 0x00, 0x00, 0x00, 0x00, 0x00, 0x00, 0x00
}
Received return code: 0x06

Command 0xc6: set coarse cal
Received return code: 0x06
Sent payload: {
0x00, 0x00, 0x00, 0x00, 0x00, 0x1d, 0x00, 0x1c, 0x00, 0x00, 0x00, 0x27, 0x00, 0x27, 0x00, 0x00,
0x00, 0x00, 0x00, 0x00, 0x00, 0x00, 0x00, 0x00, 0x00, 0x00, 0x00, 0x00
}
Received return code: 0x06

Command 0xd2: get scan data #d2
Received return code: 0x06
Received payload: 48584 (0xbdc8) bytes

Command 0xc6: set coarse cal
Received return code: 0x06
Sent payload: {
0x00, 0x00, 0x00, 0x00, 0x00, 0x1c, 0x00, 0x1b, 0x00, 0x00, 0x00, 0x27, 0x00, 0x27, 0x00, 0x00,
0x00, 0x00, 0x00, 0x00, 0x00, 0x00, 0x00, 0x00, 0x00, 0x00, 0x00, 0x00
}
Received return code: 0x06

Command 0xd2: get scan data #d2
Received return code: 0x06
Received payload: 48584 (0xbdc8) bytes

Command 0xd0: set lamp
Received return code: 0x06
Sent boolean: true
Received return code: 0x06

Command 0xd1: set window
Received return code: 0x06
Sent payload: {
0x00, 0x00, 0x00, 0x00, 0x00, 0x00, 0x00, 0x40, 0x00, 0x00, 0x01, 0x2c, 0x01, 0x2c, 0x00, 0x00,
0x00, 0x00, 0x00, 0x00, 0x00, 0x00, 0x00, 0x00, 0x0a, 0xc0, 0x00, 0x00, 0x00, 0x01, 0x00, 0x00,
0x00, 0x05, 0x10, 0x00, 0x00, 0x00, 0x00, 0x00, 0x00, 0x00, 0x00, 0x00, 0x00, 0x00, 0x00, 0x00,
0x00, 0x00, 0x00, 0x00, 0x01, 0x00, 0x00, 0x00, 0x00, 0x00, 0x2c, 0x01, 0x00, 0x00, 0x00, 0x00,
0x00, 0x00, 0x00, 0x00, 0x00, 0x00, 0x00, 0x00
}
Received return code: 0x06

Command 0xc6: set coarse cal
Received return code: 0x06
Sent payload: {
0x00, 0x00, 0x00, 0x00, 0x00, 0x1d, 0x00, 0x1c, 0x00, 0x00, 0x00, 0x0a, 0x00, 0x0a, 0x00, 0x00,
0x00, 0x00, 0x00, 0x00, 0x00, 0x00, 0x00, 0x00, 0x00, 0x00, 0x00, 0x00
}
Received return code: 0x06

Command 0xd2: get scan data #d2
Received return code: 0x06
Received payload: 48584 (0xbdc8) bytes

Command 0xc6: set coarse cal
Received return code: 0x06
Sent payload: {
0x00, 0x00, 0x00, 0x00, 0x00, 0x1d, 0x00, 0x1c, 0x00, 0x00, 0x00, 0x0b, 0x00, 0x0b, 0x00, 0x00,
0x00, 0x00, 0x00, 0x00, 0x00, 0x00, 0x00, 0x00, 0x00, 0x00, 0x00, 0x00
}
Received return code: 0x06

Command 0xd2: get scan data #d2
Received return code: 0x06
Received payload: 48584 (0xbdc8) bytes

Command 0xe1: ???
Received unknown bytes: {
0x06
}
Sent unknown bytes: {
0x01
}
Received unknown bytes: {
0x06
}

Command 0xc6: set coarse cal
Received return code: 0x06
Sent payload: {
0x00, 0x00, 0x00, 0x00, 0x00, 0x1d, 0x00, 0x1c, 0x00, 0x00, 0x00, 0x0a, 0x00, 0x0a, 0x00, 0x00,
0x00, 0x00, 0x00, 0x00, 0x00, 0x00, 0x00, 0x00, 0x00, 0x00, 0x00, 0x00
}
Received return code: 0x06

Command 0xd0: set lamp
Received return code: 0x06
Sent boolean: false
Received return code: 0x06

Command 0xd1: set window
Received return code: 0x06
Sent payload: {
0x00, 0x00, 0x00, 0x00, 0x00, 0x00, 0x00, 0x40, 0x00, 0x00, 0x01, 0x2c, 0x03, 0x20, 0x00, 0x00,
0x00, 0x00, 0x00, 0x00, 0x00, 0x00, 0x00, 0x00, 0x0a, 0xc0, 0x00, 0x00, 0x00, 0x10, 0x00, 0x00,
0x00, 0x05, 0x10, 0x00, 0x00, 0x00, 0x00, 0x00, 0x00, 0x00, 0x00, 0x00, 0x00, 0x00, 0x00, 0x00,
0x00, 0x00, 0x00, 0x00, 0x10, 0x00, 0x00, 0x00, 0x00, 0x00, 0x2c, 0x01, 0x00, 0x00, 0x00, 0x00,
0x00, 0x00, 0x00, 0x00, 0x00, 0x00, 0x00, 0x00
}
Received return code: 0x06

Command 0xd2: get scan data #d2
Received return code: 0x06
Received payload: 777224 (0xbdc08) bytes

Command 0xd0: set lamp
Received return code: 0x06
Sent boolean: true
Received return code: 0x06

Command 0xd1: set window
Received return code: 0x06
Sent payload: {
0x00, 0x00, 0x00, 0x00, 0x00, 0x00, 0x00, 0x40, 0x00, 0x00, 0x01, 0x2c, 0x03, 0x20, 0x00, 0x00,
0x00, 0x00, 0x00, 0x00, 0x00, 0x00, 0x00, 0x00, 0x0a, 0xc0, 0x00, 0x00, 0x00, 0x10, 0x00, 0x00,
0x00, 0x05, 0x10, 0x00, 0x00, 0x00, 0x00, 0x00, 0x00, 0x00, 0x00, 0x00, 0x00, 0x00, 0x00, 0x00,
0x00, 0x00, 0x00, 0x00, 0x10, 0x00, 0x00, 0x00, 0x00, 0x00, 0x2c, 0x01, 0x00, 0x00, 0x00, 0x00,
0x00, 0x00, 0x00, 0x00, 0x00, 0x00, 0x00, 0x00
}
Received return code: 0x06

Command 0xd2: get scan data #d2
Received return code: 0x06
Received payload: 777224 (0xbdc08) bytes

Command 0xd1: set window
Received return code: 0x06
Sent payload: {
0x00, 0x00, 0x00, 0x00, 0x00, 0x00, 0x00, 0x40, 0x00, 0x00, 0x01, 0x2c, 0x03, 0x20, 0x00, 0x00,
0x00, 0x00, 0x00, 0x00, 0x00, 0x00, 0x00, 0x00, 0x1f, 0xa0, 0x00, 0x00, 0x00, 0x01, 0x00, 0x00,
0x00, 0x05, 0x10, 0x00, 0x00, 0x00, 0x00, 0x00, 0x00, 0x00, 0x00, 0x00, 0x00, 0x00, 0x00, 0x00,
0x00, 0x00, 0x00, 0x00, 0x01, 0x00, 0x00, 0x00, 0x00, 0x00, 0x2c, 0x01, 0x00, 0x00, 0x00, 0x00,
0x00, 0x00, 0x00, 0x00, 0x00, 0x00, 0x00, 0x00
}
Received return code: 0x06

Command 0xc3: set fine cal #1
Received return code: 0x06
Sent header: {
0xba, 0x05, 0xba, 0x05, 0xba, 0x05, 0xba, 0x05, 0xba, 0x05, 0xba, 0x05, 0x00, 0x04
}
Sent payload: 48576 (0xbdc0) bytes
Received return code: 0x06

Command 0xc4: set fine cal #2
Received return code: 0x06
Sent header: {
0x52, 0x37, 0x52, 0x37, 0x52, 0x37, 0x07
}
Sent payload: 48576 (0xbdc0) bytes
Received return code: 0x06

Command 0xc5: set lut
Received return code: 0x06
Sent payload: 24576 (0x6000) bytes
Received return code: 0x06

Command 0xd0: set lamp
Received return code: 0x06
Sent boolean: true
Received return code: 0x06

Command 0xd1: set window
Received return code: 0x06
Sent payload: {
0x00, 0x00, 0x00, 0x00, 0x00, 0x00, 0x00, 0x40, 0x00, 0x00, 0x01, 0x2c, 0x01, 0x2c, 0x00, 0x00,
0x00, 0x00, 0x00, 0x00, 0x00, 0x00, 0x00, 0x00, 0x0a, 0xc0, 0x00, 0x00, 0x12, 0x28, 0x00, 0x00,
0x00, 0x05, 0x08, 0x00, 0x00, 0x00, 0x00, 0x00, 0x00, 0x00, 0x00, 0x00, 0x00, 0x00, 0x00, 0x00,
0x00, 0x80, 0x80, 0x01, 0x15, 0x00, 0x00, 0x00, 0x00, 0x00, 0x00, 0x00, 0x00, 0x00, 0x00, 0x00,
0x00, 0x00, 0x00, 0x00, 0x00, 0x00, 0x00, 0x00
}
Received return code: 0x06

Command 0xd6: start scan
Received return code: 0x06

Command 0xd3: get scan data #d3
Received return code: 0x06
Received payload: 510056 (0x7c868) bytes

Command 0x43: get scan status
Received payload: {
0x00, 0x80, 0x12, 0x28, 0x11, 0x8f, 0x12, 0x28, 0x11, 0x8f
}

Command 0xd3: get scan data #d3
Received return code: 0x06
Received payload: 510056 (0x7c868) bytes

Command 0x43: get scan status
Received payload: {
0x00, 0x80, 0x12, 0x28, 0x11, 0x8f, 0x12, 0x28, 0x11, 0x8f
}

Command 0xd3: get scan data #d3
Received return code: 0x06
Received payload: 510056 (0x7c868) bytes

Command 0x43: get scan status
Received payload: {
0x00, 0x80, 0x12, 0x28, 0x11, 0x8f, 0x12, 0x28, 0x11, 0x8f
}

Command 0xd3: get scan data #d3
Received return code: 0x06
Received payload: 510056 (0x7c868) bytes

Command 0x43: get scan status
Received payload: {
0x00, 0x80, 0x12, 0x28, 0x11, 0x8f, 0x12, 0x28, 0x11, 0x8f
}

Command 0xd3: get scan data #d3
Received return code: 0x06
Received payload: 510056 (0x7c868) bytes

Command 0x43: get scan status
Received payload: {
0x00, 0x80, 0x12, 0x28, 0x11, 0x8f, 0x12, 0x28, 0x11, 0x8f
}

Command 0xd3: get scan data #d3
Received return code: 0x06
Received payload: 510056 (0x7c868) bytes

Command 0x43: get scan status
Received payload: {
0x00, 0x80, 0x12, 0x28, 0x11, 0x8f, 0x12, 0x28, 0x11, 0x8f
}

Command 0xd3: get scan data #d3
Received return code: 0x06
Received payload: 510056 (0x7c868) bytes

Command 0x43: get scan status
Received payload: {
0x00, 0x80, 0x12, 0x28, 0x11, 0x8f, 0x12, 0x28, 0x11, 0x8f
}

Command 0xd3: get scan data #d3
Received return code: 0x06
Received payload: 510056 (0x7c868) bytes

Command 0x43: get scan status
Received payload: {
0x00, 0xc0, 0x12, 0x28, 0x11, 0x8f, 0x12, 0x28, 0x11, 0x8f
}

Command 0xd3: get scan data #d3
Received return code: 0x06
Received payload: 510056 (0x7c868) bytes

Command 0x43: get scan status
Received payload: {
0x00, 0xc0, 0x12, 0x28, 0x11, 0x8f, 0x12, 0x28, 0x11, 0x8f
}

Command 0xd3: get scan data #d3
Received return code: 0x06
Received payload: 510056 (0x7c868) bytes

Command 0x43: get scan status
Received payload: {
0x00, 0xc0, 0x12, 0x28, 0x11, 0x8f, 0x12, 0x28, 0x11, 0x8f
}

Command 0xd3: get scan data #d3
Received return code: 0x06
Received payload: 510056 (0x7c868) bytes

Command 0x43: get scan status
Received payload: {
0x00, 0xc0, 0x12, 0x28, 0x11, 0x8f, 0x12, 0x28, 0x11, 0x8f
}

Command 0xd3: get scan data #d3
Received return code: 0x06
Received payload: 510056 (0x7c868) bytes

Command 0x43: get scan status
Received payload: {
0x00, 0xc0, 0x12, 0x28, 0x11, 0x8f, 0x12, 0x28, 0x11, 0x8f
}

Command 0xd3: get scan data #d3
Received return code: 0x06
Received payload: 510056 (0x7c868) bytes

Command 0x43: get scan status
Received payload: {
0x00, 0xc0, 0x12, 0x28, 0x11, 0x8f, 0x12, 0x28, 0x11, 0x8f
}

Command 0xd3: get scan data #d3
Received return code: 0x06
Received payload: 510056 (0x7c868) bytes

Command 0x43: get scan status
Received payload: {
0x00, 0xc0, 0x12, 0x28, 0x11, 0x8f, 0x12, 0x28, 0x11, 0x8f
}

Command 0xd3: get scan data #d3
Received return code: 0x06
Received payload: 510056 (0x7c868) bytes

Command 0x43: get scan status
Received payload: {
0x02, 0x40, 0x04, 0x1b, 0x03, 0x82, 0x03, 0xe3, 0x03, 0x4a
}

Command 0xd3: get scan data #d3
Received return code: 0x06
Received payload: 510056 (0x7c868) bytes

Command 0x43: get scan status
Received payload: {
0x02, 0x40, 0x04, 0x1b, 0x03, 0x82, 0x03, 0xe3, 0x03, 0x4a
}

Command 0xd3: get scan data #d3
Received return code: 0x06
Received payload: 510056 (0x7c868) bytes

Command 0x43: get scan status
Received payload: {
0x02, 0x40, 0x04, 0x1b, 0x03, 0x82, 0x03, 0xe3, 0x03, 0x4a
}

Command 0xd3: get scan data #d3
Received return code: 0x06
Received payload: 510056 (0x7c868) bytes

Command 0x43: get scan status
Received payload: {
0x02, 0x40, 0x04, 0x1b, 0x03, 0x82, 0x03, 0xe3, 0x03, 0x4a
}

Command 0xd3: get scan data #d3
Received return code: 0x06
Received payload: 510056 (0x7c868) bytes

Command 0x43: get scan status
Received payload: {
0x02, 0x40, 0x04, 0x1b, 0x03, 0x82, 0x03, 0xe3, 0x03, 0x4a
}

Command 0xd3: get scan data #d3
Received return code: 0x06
Received payload: 510056 (0x7c868) bytes

Command 0x43: get scan status
Received payload: {
0x02, 0x40, 0x04, 0x1b, 0x03, 0x82, 0x03, 0xe3, 0x03, 0x4a
}

Command 0xd3: get scan data #d3
Received return code: 0x06
Received payload: 510056 (0x7c868) bytes

Command 0x43: get scan status
Received payload: {
0x02, 0x40, 0x04, 0x1b, 0x03, 0x82, 0x03, 0xe3, 0x03, 0x4a
}

Command 0xd3: get scan data #d3
Received return code: 0x06
Received payload: 510056 (0x7c868) bytes

Command 0x43: get scan status
Received payload: {
0x02, 0x40, 0x04, 0x1b, 0x03, 0x82, 0x03, 0xe3, 0x03, 0x4a
}

Command 0xd3: get scan data #d3
Received return code: 0x06
Received payload: 510056 (0x7c868) bytes

Command 0x43: get scan status
Received payload: {
0x02, 0x40, 0x04, 0x1b, 0x03, 0x82, 0x03, 0xe3, 0x03, 0x4a
}

Command 0xd3: get scan data #d3
Received return code: 0x06
Received payload: 510056 (0x7c868) bytes

Command 0x43: get scan status
Received payload: {
0x02, 0x40, 0x04, 0x1b, 0x03, 0x82, 0x03, 0xe3, 0x03, 0x4a
}

Command 0xd3: get scan data #d3
Received return code: 0x06
Received payload: 510056 (0x7c868) bytes

Command 0x43: get scan status
Received payload: {
0x02, 0x40, 0x04, 0x1b, 0x03, 0x82, 0x03, 0xe3, 0x03, 0x4a
}

Command 0xd3: get scan data #d3
Received return code: 0x06
Received payload: 510056 (0x7c868) bytes

Command 0x43: get scan status
Received payload: {
0x02, 0x40, 0x04, 0x1b, 0x03, 0x82, 0x03, 0xe3, 0x03, 0x4a
}

Command 0xd3: get scan data #d3
Received return code: 0x06
Received payload: 510056 (0x7c868) bytes

Command 0x43: get scan status
Received payload: {
0x02, 0x40, 0x04, 0x1b, 0x03, 0x82, 0x03, 0xe3, 0x03, 0x4a
}

Command 0xd3: get scan data #d3
Received return code: 0x06
Received payload: 510056 (0x7c868) bytes

Command 0x43: get scan status
Received payload: {
0x03, 0x40, 0x04, 0x1b, 0x03, 0x82, 0x03, 0xe3, 0x03, 0x4a
}

Command 0xd3: get scan data #d3
Received return code: 0x06
Received payload: 510056 (0x7c868) bytes

Command 0x43: get scan status
Received payload: {
0x03, 0x40, 0x04, 0x1b, 0x03, 0x82, 0x03, 0xe3, 0x03, 0x4a
}

Command 0xd3: get scan data #d3
Received return code: 0x06
Received payload: 510056 (0x7c868) bytes

Command 0x43: get scan status
Received payload: {
0x03, 0x40, 0x04, 0x1b, 0x03, 0x82, 0x03, 0xe3, 0x03, 0x4a
}

Command 0xd3: get scan data #d3
Received return code: 0x06
Received payload: 510056 (0x7c868) bytes

Command 0x43: get scan status
Received payload: {
0x03, 0x40, 0x04, 0x1b, 0x03, 0x82, 0x03, 0xe3, 0x03, 0x4a
}

Command 0xd3: get scan data #d3
Received return code: 0x06
Received payload: 510056 (0x7c868) bytes

Command 0x43: get scan status
Received payload: {
0x03, 0x40, 0x04, 0x1b, 0x03, 0x82, 0x03, 0xe3, 0x03, 0x4a
}

Command 0xd3: get scan data #d3
Received return code: 0x06
Received payload: 510056 (0x7c868) bytes

Command 0x43: get scan status
Received payload: {
0x03, 0x40, 0x04, 0x1b, 0x03, 0x82, 0x03, 0xe3, 0x03, 0x4a
}

Command 0xd3: get scan data #d3
Received return code: 0x06
Received payload: 510056 (0x7c868) bytes

Command 0x43: get scan status
Received payload: {
0x03, 0x40, 0x04, 0x1b, 0x03, 0x82, 0x03, 0xe3, 0x03, 0x4a
}

Command 0xd3: get scan data #d3
Received return code: 0x06
Received payload: 510056 (0x7c868) bytes

Command 0x43: get scan status
Received payload: {
0x03, 0x40, 0x04, 0x1b, 0x03, 0x82, 0x03, 0xe3, 0x03, 0x4a
}

Command 0xd3: get scan data #d3
Received return code: 0x06
Received payload: 510056 (0x7c868) bytes

Command 0x43: get scan status
Received payload: {
0x03, 0x40, 0x04, 0x1b, 0x03, 0x82, 0x03, 0xe3, 0x03, 0x4a
}

Command 0xd3: get scan data #d3
Received return code: 0x06
Received payload: 510056 (0x7c868) bytes

Command 0x43: get scan status
Received payload: {
0x03, 0x40, 0x04, 0x1b, 0x03, 0x82, 0x03, 0xe3, 0x03, 0x4a
}

Command 0xd3: get scan data #d3
Received return code: 0x06
Received payload: 510056 (0x7c868) bytes

Command 0x43: get scan status
Received payload: {
0x03, 0x40, 0x04, 0x1b, 0x03, 0x82, 0x03, 0xe3, 0x03, 0x4a
}

Command 0xd3: get scan data #d3
Received return code: 0x06
Received payload: 510056 (0x7c868) bytes

Command 0x43: get scan status
Received payload: {
0x03, 0x40, 0x04, 0x1b, 0x03, 0x82, 0x03, 0xe3, 0x03, 0x4a
}

Command 0xd3: get scan data #d3
Received return code: 0x06
Received payload: 510056 (0x7c868) bytes

Command 0x43: get scan status
Received payload: {
0x03, 0x40, 0x04, 0x1b, 0x03, 0x82, 0x03, 0xe3, 0x03, 0x4a
}

Command 0xd3: get scan data #d3
Received return code: 0x06
Received payload: 510056 (0x7c868) bytes

Command 0x43: get scan status
Received payload: {
0x03, 0x40, 0x04, 0x1b, 0x03, 0x82, 0x03, 0xe3, 0x03, 0x4a
}

Command 0xd3: get scan data #d3
Received return code: 0x06
Received payload: 510056 (0x7c868) bytes

Command 0x43: get scan status
Received payload: {
0x03, 0x40, 0x04, 0x1b, 0x03, 0x82, 0x03, 0xe3, 0x03, 0x4a
}

Command 0xd3: get scan data #d3
Received return code: 0x06
Received payload: 510056 (0x7c868) bytes

Command 0x43: get scan status
Received payload: {
0x03, 0x40, 0x04, 0x1b, 0x03, 0x82, 0x03, 0xe3, 0x03, 0x4a
}

Command 0xd3: get scan data #d3
Received return code: 0x06
Received payload: 510056 (0x7c868) bytes

Command 0x43: get scan status
Received payload: {
0x03, 0x40, 0x04, 0x1b, 0x03, 0x82, 0x03, 0xe3, 0x03, 0x4a
}

Command 0xd3: get scan data #d3
Received return code: 0x06
Received payload: 510056 (0x7c868) bytes

Command 0x43: get scan status
Received payload: {
0x03, 0x40, 0x04, 0x1b, 0x03, 0x82, 0x03, 0xe3, 0x03, 0x4a
}

Command 0xd3: get scan data #d3
Received return code: 0x06
Received payload: 510056 (0x7c868) bytes

Command 0x43: get scan status
Received payload: {
0x03, 0x40, 0x04, 0x1b, 0x03, 0x82, 0x03, 0xe3, 0x03, 0x4a
}

Command 0xd3: get scan data #d3
Received return code: 0x06
Received payload: 510056 (0x7c868) bytes

Command 0x43: get scan status
Received payload: {
0x03, 0x40, 0x04, 0x1b, 0x03, 0x82, 0x03, 0xe3, 0x03, 0x4a
}

Command 0xd3: get scan data #d3
Received return code: 0x06
Received payload: 510056 (0x7c868) bytes

Command 0x43: get scan status
Received payload: {
0x03, 0x40, 0x04, 0x1b, 0x03, 0x82, 0x03, 0xe3, 0x03, 0x4a
}

Command 0xd3: get scan data #d3
Received return code: 0x06
Received payload: 510056 (0x7c868) bytes

Command 0x43: get scan status
Received payload: {
0x03, 0x40, 0x04, 0x1b, 0x03, 0x82, 0x03, 0xe3, 0x03, 0x4a
}

Command 0xd3: get scan data #d3
Received return code: 0x06
Received payload: 510056 (0x7c868) bytes

Command 0x43: get scan status
Received payload: {
0x03, 0x40, 0x04, 0x1b, 0x03, 0x82, 0x03, 0xe3, 0x03, 0x4a
}

Command 0xd3: get scan data #d3
Received return code: 0x06
Received payload: 510056 (0x7c868) bytes

Command 0x43: get scan status
Received payload: {
0x03, 0x40, 0x04, 0x1b, 0x03, 0x82, 0x03, 0xe3, 0x03, 0x4a
}

Command 0x33: get sensor flags
Received sensor flags: BitSet(6, 12, 13, 14) -> Map(ScanSw -> false, AdfOpen -> false, Hopper -> false, Top -> false, Sleep -> false)

Command 0xd4: set paper feed
Received return code: 0x06
Sent byte: 0x00
Received return code: 0x06

Command 0x33: get sensor flags
Received sensor flags: BitSet(6, 12, 13, 14) -> Map(ScanSw -> false, AdfOpen -> false, Hopper -> false, Top -> false, Sleep -> false)

Command 0xd8: ???
Received unknown bytes: {
0x06
}
Sent unknown bytes: {
0x01
}
Received unknown bytes: {
0x06
}

Command 0x33: get sensor flags
Received sensor flags: BitSet(6, 12, 13, 14) -> Map(ScanSw -> false, AdfOpen -> false, Hopper -> false, Top -> false, Sleep -> false)

================================================================================
Unknown commands:
Command 0xb0: ???
Received unknown bytes: {
0x06
}
Sent unknown bytes: {
0x00
}
Received unknown bytes: {
0x06
}
Command 0xb2: ???
Received unknown bytes: {
0x06
}
Sent unknown bytes: {
0x01
}
Received unknown bytes: {
0x06
}
Command 0xb3: ???
Received unknown bytes: {
0x06
}
Sent unknown bytes: {
0x03
}
Received unknown bytes: {
0x06
}
Command 0xb4: ???
Received unknown bytes: {
0x06
}
Sent unknown bytes: {
0x88
}
Received unknown bytes: {
0x06
}
Command 0xb5: ???
Received unknown bytes: {
0x06
}
Received unknown bytes: {
0x19, 0x00
}
Command 0xd8: ???
Received unknown bytes: {
0x06
}
Sent unknown bytes: {
0x00
}
Received unknown bytes: {
0x06
}
Command 0xd8: ???
Received unknown bytes: {
0x06
}
Sent unknown bytes: {
0x01
}
Received unknown bytes: {
0x06
}
Command 0xe1: ???
Received unknown bytes: {
0x06
}
Sent unknown bytes: {
0x01
}
Received unknown bytes: {
0x06
}

