Command 0x33: get sensor flags
Received sensor flags: BitSet(12, 13, 14) -> Map(ScanSw -> false, AdfOpen -> false, Hopper -> true, Top -> false, Sleep -> false)

Command 0x33: get sensor flags
Received sensor flags: BitSet(8, 12, 13, 14) -> Map(ScanSw -> true, AdfOpen -> false, Hopper -> true, Top -> false, Sleep -> false)

Command 0x33: get sensor flags
Received sensor flags: BitSet(12, 13, 14) -> Map(ScanSw -> false, AdfOpen -> false, Hopper -> true, Top -> false, Sleep -> false)

Command 0xd8: ???
Received unknown bytes: {
0x06
}
Sent unknown bytes: {
0x00
}
Received unknown bytes: {
0x06
}

Command 0x33: get sensor flags
Received sensor flags: BitSet(12, 13, 14) -> Map(ScanSw -> false, AdfOpen -> false, Hopper -> true, Top -> false, Sleep -> false)

Command 0xd0: set lamp
Received return code: 0x06
Sent boolean: true
Received return code: 0x06

Command 0xb2: ???
Received unknown bytes: {
0x06
}
Sent unknown bytes: {
0x01
}
Received unknown bytes: {
0x06
}

Command 0xb3: ???
Received unknown bytes: {
0x06
}
Sent unknown bytes: {
0x03
}
Received unknown bytes: {
0x06
}

Command 0xb4: ???
Received unknown bytes: {
0x06
}
Sent unknown bytes: {
0x88
}
Received unknown bytes: {
0x06
}

Command 0xb0: ???
Received unknown bytes: {
0x06
}
Sent unknown bytes: {
0x00
}
Received unknown bytes: {
0x06
}

Command 0xb5: ???
Received unknown bytes: {
0x06
}
Received unknown bytes: {
0x19, 0x00
}

Command 0xd4: set paper feed
Received return code: 0x06
Sent byte: 0x01
Received return code: 0x06

Command 0x33: get sensor flags
Received sensor flags: BitSet(7, 12, 13) -> Map(ScanSw -> false, AdfOpen -> false, Hopper -> true, Top -> true, Sleep -> false)

Command 0xb5: ???
Received unknown bytes: {
0x06
}
Received unknown bytes: {
0x19, 0x00
}

Command 0xd0: set lamp
Received return code: 0x06
Sent boolean: false
Received return code: 0x06

Command 0xd1: set window
Received return code: 0x06
Sent payload: {
0x00, 0x00, 0x00, 0x00, 0x00, 0x00, 0x00, 0x40, 0x00, 0x00, 0x01, 0x2c, 0x01, 0x2c, 0x00, 0x00,
0x00, 0x00, 0x00, 0x00, 0x00, 0x00, 0x00, 0x00, 0x0a, 0xa0, 0x00, 0x00, 0x00, 0x01, 0x00, 0x00,
0x00, 0x05, 0x10, 0x00, 0x00, 0x00, 0x00, 0x00, 0x00, 0x00, 0x00, 0x00, 0x00, 0x00, 0x00, 0x00,
0x00, 0x00, 0x00, 0x00, 0x01, 0x00, 0x00, 0x00, 0x00, 0x00, 0x96, 0x00, 0x00, 0x00, 0x00, 0x00,
0x00, 0x00, 0x00, 0x00, 0x00, 0x00, 0x00, 0x00
}
Received return code: 0x06

Command 0xc6: set coarse cal
Received return code: 0x06
Sent payload: {
0x00, 0x00, 0x00, 0x00, 0x00, 0x1c, 0x00, 0x1b, 0x00, 0x00, 0x00, 0x27, 0x00, 0x27, 0x00, 0x00,
0x00, 0x00, 0x00, 0x00, 0x00, 0x00, 0x00, 0x00, 0x00, 0x00, 0x00, 0x00
}
Received return code: 0x06

Command 0xd2: get scan data #d2
Received return code: 0x06
Received payload: 48200 (0xbc48) bytes

Command 0xc6: set coarse cal
Received return code: 0x06
Sent payload: {
0x00, 0x00, 0x00, 0x00, 0x00, 0x1d, 0x00, 0x1c, 0x00, 0x00, 0x00, 0x27, 0x00, 0x27, 0x00, 0x00,
0x00, 0x00, 0x00, 0x00, 0x00, 0x00, 0x00, 0x00, 0x00, 0x00, 0x00, 0x00
}
Received return code: 0x06

Command 0xd2: get scan data #d2
Received return code: 0x06
Received payload: 48200 (0xbc48) bytes

Command 0xd0: set lamp
Received return code: 0x06
Sent boolean: true
Received return code: 0x06

Command 0xd1: set window
Received return code: 0x06
Sent payload: {
0x00, 0x00, 0x00, 0x00, 0x00, 0x00, 0x00, 0x40, 0x00, 0x00, 0x01, 0x2c, 0x01, 0x2c, 0x00, 0x00,
0x00, 0x00, 0x00, 0x00, 0x00, 0x00, 0x00, 0x00, 0x0a, 0xa0, 0x00, 0x00, 0x00, 0x01, 0x00, 0x00,
0x00, 0x05, 0x10, 0x00, 0x00, 0x00, 0x00, 0x00, 0x00, 0x00, 0x00, 0x00, 0x00, 0x00, 0x00, 0x00,
0x00, 0x00, 0x00, 0x00, 0x01, 0x00, 0x00, 0x00, 0x00, 0x00, 0x96, 0x00, 0x00, 0x00, 0x00, 0x00,
0x00, 0x00, 0x00, 0x00, 0x00, 0x00, 0x00, 0x00
}
Received return code: 0x06

Command 0xc6: set coarse cal
Received return code: 0x06
Sent payload: {
0x00, 0x00, 0x00, 0x00, 0x00, 0x1d, 0x00, 0x1c, 0x00, 0x00, 0x00, 0x0a, 0x00, 0x0a, 0x00, 0x00,
0x00, 0x00, 0x00, 0x00, 0x00, 0x00, 0x00, 0x00, 0x00, 0x00, 0x00, 0x00
}
Received return code: 0x06

Command 0xd2: get scan data #d2
Received return code: 0x06
Received payload: 48200 (0xbc48) bytes

Command 0xc6: set coarse cal
Received return code: 0x06
Sent payload: {
0x00, 0x00, 0x00, 0x00, 0x00, 0x1d, 0x00, 0x1c, 0x00, 0x00, 0x00, 0x0b, 0x00, 0x0b, 0x00, 0x00,
0x00, 0x00, 0x00, 0x00, 0x00, 0x00, 0x00, 0x00, 0x00, 0x00, 0x00, 0x00
}
Received return code: 0x06

Command 0xd2: get scan data #d2
Received return code: 0x06
Received payload: 48200 (0xbc48) bytes

Command 0xe1: ???
Received unknown bytes: {
0x06
}
Sent unknown bytes: {
0x01
}
Received unknown bytes: {
0x06
}

Command 0xc6: set coarse cal
Received return code: 0x06
Sent payload: {
0x00, 0x00, 0x00, 0x00, 0x00, 0x1d, 0x00, 0x1c, 0x00, 0x00, 0x00, 0x0a, 0x00, 0x0a, 0x00, 0x00,
0x00, 0x00, 0x00, 0x00, 0x00, 0x00, 0x00, 0x00, 0x00, 0x00, 0x00, 0x00
}
Received return code: 0x06

Command 0xd0: set lamp
Received return code: 0x06
Sent boolean: false
Received return code: 0x06

Command 0xd1: set window
Received return code: 0x06
Sent payload: {
0x00, 0x00, 0x00, 0x00, 0x00, 0x00, 0x00, 0x40, 0x00, 0x00, 0x01, 0x2c, 0x03, 0x20, 0x00, 0x00,
0x00, 0x00, 0x00, 0x00, 0x00, 0x00, 0x00, 0x00, 0x0a, 0xa0, 0x00, 0x00, 0x00, 0x10, 0x00, 0x00,
0x00, 0x05, 0x10, 0x00, 0x00, 0x00, 0x00, 0x00, 0x00, 0x00, 0x00, 0x00, 0x00, 0x00, 0x00, 0x00,
0x00, 0x00, 0x00, 0x00, 0x10, 0x00, 0x00, 0x00, 0x00, 0x00, 0x96, 0x00, 0x00, 0x00, 0x00, 0x00,
0x00, 0x00, 0x00, 0x00, 0x00, 0x00, 0x00, 0x00
}
Received return code: 0x06

Command 0xd2: get scan data #d2
Received return code: 0x06
Received payload: 771080 (0xbc408) bytes

Command 0xd0: set lamp
Received return code: 0x06
Sent boolean: true
Received return code: 0x06

Command 0xd1: set window
Received return code: 0x06
Sent payload: {
0x00, 0x00, 0x00, 0x00, 0x00, 0x00, 0x00, 0x40, 0x00, 0x00, 0x01, 0x2c, 0x03, 0x20, 0x00, 0x00,
0x00, 0x00, 0x00, 0x00, 0x00, 0x00, 0x00, 0x00, 0x0a, 0xa0, 0x00, 0x00, 0x00, 0x10, 0x00, 0x00,
0x00, 0x05, 0x10, 0x00, 0x00, 0x00, 0x00, 0x00, 0x00, 0x00, 0x00, 0x00, 0x00, 0x00, 0x00, 0x00,
0x00, 0x00, 0x00, 0x00, 0x10, 0x00, 0x00, 0x00, 0x00, 0x00, 0x96, 0x00, 0x00, 0x00, 0x00, 0x00,
0x00, 0x00, 0x00, 0x00, 0x00, 0x00, 0x00, 0x00
}
Received return code: 0x06

Command 0xd2: get scan data #d2
Received return code: 0x06
Received payload: 771080 (0xbc408) bytes

Command 0xd1: set window
Received return code: 0x06
Sent payload: {
0x00, 0x00, 0x00, 0x00, 0x00, 0x00, 0x00, 0x40, 0x00, 0x00, 0x01, 0x2c, 0x03, 0x20, 0x00, 0x00,
0x00, 0x00, 0x00, 0x00, 0x00, 0x00, 0x00, 0x00, 0x1f, 0x60, 0x00, 0x00, 0x00, 0x01, 0x00, 0x00,
0x00, 0x05, 0x10, 0x00, 0x00, 0x00, 0x00, 0x00, 0x00, 0x00, 0x00, 0x00, 0x00, 0x00, 0x00, 0x00,
0x00, 0x00, 0x00, 0x00, 0x01, 0x00, 0x00, 0x00, 0x00, 0x00, 0x96, 0x00, 0x00, 0x00, 0x00, 0x00,
0x00, 0x00, 0x00, 0x00, 0x00, 0x00, 0x00, 0x00
}
Received return code: 0x06

Command 0xc3: set fine cal #1
Received return code: 0x06
Sent header: {
0x31, 0x06, 0x31, 0x06, 0x31, 0x06, 0x31, 0x06, 0x31, 0x06, 0x31, 0x06, 0x00, 0x04
}
Sent payload: 48192 (0xbc40) bytes
Received return code: 0x06

Command 0xc4: set fine cal #2
Received return code: 0x06
Sent header: {
0x8c, 0x37, 0x8c, 0x37, 0x8c, 0x37, 0x07
}
Sent payload: 48192 (0xbc40) bytes
Received return code: 0x06

Command 0xc5: set lut
Received return code: 0x06
Sent payload: 24576 (0x6000) bytes
Received return code: 0x06

Command 0xd0: set lamp
Received return code: 0x06
Sent boolean: true
Received return code: 0x06

Command 0xd1: set window
Received return code: 0x06
Sent payload: {
0x00, 0x00, 0x00, 0x00, 0x00, 0x00, 0x00, 0x40, 0x00, 0x00, 0x00, 0x96, 0x00, 0x96, 0x00, 0x00,
0x00, 0x00, 0x00, 0x00, 0x00, 0x00, 0x00, 0x00, 0x05, 0x50, 0x00, 0x00, 0x09, 0x15, 0x00, 0x00,
0x00, 0x05, 0x08, 0x00, 0x00, 0x00, 0x00, 0x00, 0x00, 0x00, 0x00, 0x00, 0x00, 0x00, 0x00, 0x00,
0x00, 0x80, 0x80, 0x01, 0x2b, 0x00, 0x00, 0x00, 0x00, 0x00, 0x00, 0x00, 0x00, 0x00, 0x00, 0x00,
0x00, 0x00, 0x00, 0x00, 0x00, 0x00, 0x00, 0x00
}
Received return code: 0x06

Command 0xd6: start scan
Received return code: 0x06

Command 0xd3: get scan data #d3
Received return code: 0x06
Received payload: 518072 (0x7e7b8) bytes

Command 0x43: get scan status
Received payload: {
0x00, 0x80, 0x09, 0x15, 0x08, 0xc8, 0x09, 0x15, 0x08, 0xc8
}

Command 0xd3: get scan data #d3
Received return code: 0x06
Received payload: 518072 (0x7e7b8) bytes

Command 0x43: get scan status
Received payload: {
0x00, 0x80, 0x09, 0x15, 0x08, 0xc8, 0x09, 0x15, 0x08, 0xc8
}

Command 0xd3: get scan data #d3
Received return code: 0x06
Received payload: 518072 (0x7e7b8) bytes

Command 0x43: get scan status
Received payload: {
0x00, 0x80, 0x09, 0x15, 0x08, 0xc8, 0x09, 0x15, 0x08, 0xc8
}

Command 0xd3: get scan data #d3
Received return code: 0x06
Received payload: 518072 (0x7e7b8) bytes

Command 0x43: get scan status
Received payload: {
0x00, 0x80, 0x09, 0x15, 0x08, 0xc8, 0x09, 0x15, 0x08, 0xc8
}

Command 0xd3: get scan data #d3
Received return code: 0x06
Received payload: 518072 (0x7e7b8) bytes

Command 0x43: get scan status
Received payload: {
0x00, 0x80, 0x09, 0x15, 0x08, 0xc8, 0x09, 0x15, 0x08, 0xc8
}

Command 0xd3: get scan data #d3
Received return code: 0x06
Received payload: 518072 (0x7e7b8) bytes

Command 0x43: get scan status
Received payload: {
0x00, 0xc0, 0x09, 0x15, 0x08, 0xc8, 0x09, 0x15, 0x08, 0xc8
}

Command 0xd3: get scan data #d3
Received return code: 0x06
Received payload: 518072 (0x7e7b8) bytes

Command 0x43: get scan status
Received payload: {
0x00, 0xc0, 0x09, 0x15, 0x08, 0xc8, 0x09, 0x15, 0x08, 0xc8
}

Command 0xd3: get scan data #d3
Received return code: 0x06
Received payload: 518072 (0x7e7b8) bytes

Command 0x43: get scan status
Received payload: {
0x00, 0xc0, 0x09, 0x15, 0x08, 0xc8, 0x09, 0x15, 0x08, 0xc8
}

Command 0xd3: get scan data #d3
Received return code: 0x06
Received payload: 518072 (0x7e7b8) bytes

Command 0x43: get scan status
Received payload: {
0x02, 0x40, 0x02, 0x10, 0x01, 0xc3, 0x01, 0xf3, 0x01, 0xa6
}

Command 0xd3: get scan data #d3
Received return code: 0x06
Received payload: 518072 (0x7e7b8) bytes

Command 0x43: get scan status
Received payload: {
0x02, 0x40, 0x02, 0x10, 0x01, 0xc3, 0x01, 0xf3, 0x01, 0xa6
}

Command 0xd3: get scan data #d3
Received return code: 0x06
Received payload: 518072 (0x7e7b8) bytes

Command 0x43: get scan status
Received payload: {
0x02, 0x40, 0x02, 0x10, 0x01, 0xc3, 0x01, 0xf3, 0x01, 0xa6
}

Command 0xd3: get scan data #d3
Received return code: 0x06
Received payload: 518072 (0x7e7b8) bytes

Command 0x43: get scan status
Received payload: {
0x02, 0x40, 0x02, 0x10, 0x01, 0xc3, 0x01, 0xf3, 0x01, 0xa6
}

Command 0xd3: get scan data #d3
Received return code: 0x06
Received payload: 518072 (0x7e7b8) bytes

Command 0x43: get scan status
Received payload: {
0x03, 0x40, 0x02, 0x10, 0x01, 0xc3, 0x01, 0xf3, 0x01, 0xa6
}

Command 0x33: get sensor flags
Received sensor flags: BitSet(6, 12, 13, 14) -> Map(ScanSw -> false, AdfOpen -> false, Hopper -> false, Top -> false, Sleep -> false)

Command 0xd4: set paper feed
Received return code: 0x06
Sent byte: 0x00
Received return code: 0x06

Command 0x33: get sensor flags
Received sensor flags: BitSet(6, 12, 13, 14) -> Map(ScanSw -> false, AdfOpen -> false, Hopper -> false, Top -> false, Sleep -> false)

